[debug] [2022-08-13T01:30:10.667Z] ----------------------------------------------------------------------
[debug] [2022-08-13T01:30:10.669Z] Command:       /usr/local/bin/node /usr/local/bin/firebase init
[debug] [2022-08-13T01:30:10.672Z] CLI Version:   11.2.0
[debug] [2022-08-13T01:30:10.673Z] Platform:      darwin
[debug] [2022-08-13T01:30:10.673Z] Node Version:  v17.7.1
[debug] [2022-08-13T01:30:10.686Z] Time:          Sat Aug 13 2022 04:30:10 GMT+0300 (East Africa Time)
[debug] [2022-08-13T01:30:10.687Z] ----------------------------------------------------------------------
[debug] 
[debug] [2022-08-13T01:30:10.691Z] >>> [apiv2][query] GET https://firebase-public.firebaseio.com/cli.json [none]
[debug] [2022-08-13T01:30:10.814Z] > command requires scopes: ["email","openid","https://www.googleapis.com/auth/cloudplatformprojects.readonly","https://www.googleapis.com/auth/firebase","https://www.googleapis.com/auth/cloud-platform"]
[debug] [2022-08-13T01:30:10.815Z] > authorizing via signed-in user (kevindan641@gmail.com)
[info] 
     ######## #### ########  ######## ########     ###     ######  ########
     ##        ##  ##     ## ##       ##     ##  ##   ##  ##       ##
     ######    ##  ########  ######   ########  #########  ######  ######
     ##        ##  ##    ##  ##       ##     ## ##     ##       ## ##
     ##       #### ##     ## ######## ########  ##     ##  ######  ########

You're about to initialize a Firebase project in this directory:

  /Users/umuhozafaith/Desktop/Projects/to-do-list/todo_app

[debug] [2022-08-13T01:30:11.575Z] <<< [apiv2][status] GET https://firebase-public.firebaseio.com/cli.json 200
[debug] [2022-08-13T01:30:11.575Z] <<< [apiv2][body] GET https://firebase-public.firebaseio.com/cli.json {"cloudBuildErrorAfter":1594252800000,"cloudBuildWarnAfter":1590019200000,"defaultNode10After":1594252800000,"minVersion":"3.0.5","node8DeploysDisabledAfter":1613390400000,"node8RuntimeDisabledAfter":1615809600000,"node8WarnAfter":1600128000000}
[info] 
=== Project Setup
[info] 
[info] First, let's associate this project directory with a Firebase project.
[info] You can create multiple project aliases by running firebase use --add, 
[info] but for now we'll just set up a default project.
[info] 
[debug] [2022-08-13T01:30:18.780Z] > refreshing access token with scopes: []
[debug] [2022-08-13T01:30:18.782Z] >>> [apiv2][query] POST https://www.googleapis.com/oauth2/v3/token [none]
[debug] [2022-08-13T01:30:18.782Z] >>> [apiv2][body] POST https://www.googleapis.com/oauth2/v3/token [omitted]
[debug] [2022-08-13T01:30:19.637Z] <<< [apiv2][status] POST https://www.googleapis.com/oauth2/v3/token 200
[debug] [2022-08-13T01:30:19.638Z] <<< [apiv2][body] POST https://www.googleapis.com/oauth2/v3/token [omitted]
[debug] [2022-08-13T01:30:19.685Z] >>> [apiv2][query] GET https://firebase.googleapis.com/v1beta1/projects pageSize=100
[debug] [2022-08-13T01:30:20.961Z] <<< [apiv2][status] GET https://firebase.googleapis.com/v1beta1/projects 200
[debug] [2022-08-13T01:30:20.961Z] <<< [apiv2][body] GET https://firebase.googleapis.com/v1beta1/projects [omitted]
[info] i  Using project todo-app-dca73 (todo-app) 
[info] 
=== Hosting Setup
[info] 
[info] Your public directory is the folder (relative to your project directory) that
[info] will contain Hosting assets to be uploaded with firebase deploy. If you
[info] have a build process for your assets, use your build's output directory.
[info] 
[debug] [2022-08-13T01:31:25.916Z] >>> [apiv2][query] GET https://www.gstatic.com/firebasejs/releases.json [none]
[debug] [2022-08-13T01:31:26.255Z] <<< [apiv2][status] GET https://www.gstatic.com/firebasejs/releases.json 200
[debug] [2022-08-13T01:31:26.255Z] <<< [apiv2][body] GET https://www.gstatic.com/firebasejs/releases.json {"current":{"version":"9.9.2","browserURL":"https://www.gstatic.com/firebasejs/9.9.2/firebase.js","packageURL":"https://www.gstatic.com/firebasejs/9.9.2/firebase.tgz"},"live":{"version":"9.9","browserURL":"https://www.gstatic.com/firebasejs/live/9.9/firebase.js","packageURL":"https://www.gstatic.com/firebasejs/live/9.9/firebase.tgz"},"components":{"analytics":"https://www.gstatic.com/firebasejs/9.9.2/firebase-analytics.js","app":"https://www.gstatic.com/firebasejs/9.9.2/firebase-app.js","app-check":"https://www.gstatic.com/firebasejs/9.9.2/firebase-app-check.js","auth":"https://www.gstatic.com/firebasejs/9.9.2/firebase-auth.js","auth/cordova":"https://www.gstatic.com/firebasejs/9.9.2/firebase-auth/cordova.js","auth/react-native":"https://www.gstatic.com/firebasejs/9.9.2/firebase-auth/react-native.js","functions":"https://www.gstatic.com/firebasejs/9.9.2/firebase-functions.js","firestore":"https://www.gstatic.com/firebasejs/9.9.2/firebase-firestore.js","firestore/lite":"https://www.gstatic.com/firebasejs/9.9.2/firebase-firestore/lite.js","installations":"https://www.gstatic.com/firebasejs/9.9.2/firebase-installations.js","storage":"https://www.gstatic.com/firebasejs/9.9.2/firebase-storage.js","performance":"https://www.gstatic.com/firebasejs/9.9.2/firebase-performance.js","remote-config":"https://www.gstatic.com/firebasejs/9.9.2/firebase-remote-config.js","messaging":"https://www.gstatic.com/firebasejs/9.9.2/firebase-messaging.js","messaging/sw":"https://www.gstatic.com/firebasejs/9.9.2/firebase-messaging/sw.js","database":"https://www.gstatic.com/firebasejs/9.9.2/firebase-database.js","firestore.memory":"https://www.gstatic.com/firebasejs/9.9.2/firebase-firestore.memory.js"}}
[info] ✔  Wrote build/index.html 
[info] 
[info] i  Detected a .git folder at /Users/umuhozafaith 
[info] i  Authorizing with GitHub to upload your service account to a GitHub repository's secrets store. 
[info] 
[info] Visit this URL on this device to log in:
[info] https://github.com/login/oauth/authorize?client_id=89cf50f02ac6aaed3484&state=170321757&redirect_uri=http%3A%2F%2Flocalhost%3A9005&scope=read%3Auser%20repo%20public_repo
[info] 
[info] Waiting for authentication...
[debug] [2022-08-13T01:31:29.337Z] >>> [apiv2][query] POST https://github.com/login/oauth/access_token [none]
[debug] [2022-08-13T01:31:29.337Z] >>> [apiv2][body] POST https://github.com/login/oauth/access_token [stream]
[debug] [2022-08-13T01:31:30.009Z] <<< [apiv2][status] POST https://github.com/login/oauth/access_token 200
[debug] [2022-08-13T01:31:30.009Z] <<< [apiv2][body] POST https://github.com/login/oauth/access_token {"access_token":"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","token_type":"bearer","scope":"read:user,repo"}
[debug] [2022-08-13T01:31:30.018Z] >>> [apiv2][query] GET https://api.github.com/user [none]
[debug] [2022-08-13T01:31:30.675Z] <<< [apiv2][status] GET https://api.github.com/user 200
[debug] [2022-08-13T01:31:30.676Z] <<< [apiv2][body] GET https://api.github.com/user {"login":"tesla-ambassador","id":77091499,"node_id":"MDQ6VXNlcjc3MDkxNDk5","avatar_url":"https://avatars.githubusercontent.com/u/77091499?v=4","gravatar_id":"","url":"https://api.github.com/users/tesla-ambassador","html_url":"https://github.com/tesla-ambassador","followers_url":"https://api.github.com/users/tesla-ambassador/followers","following_url":"https://api.github.com/users/tesla-ambassador/following{/other_user}","gists_url":"https://api.github.com/users/tesla-ambassador/gists{/gist_id}","starred_url":"https://api.github.com/users/tesla-ambassador/starred{/owner}{/repo}","subscriptions_url":"https://api.github.com/users/tesla-ambassador/subscriptions","organizations_url":"https://api.github.com/users/tesla-ambassador/orgs","repos_url":"https://api.github.com/users/tesla-ambassador/repos","events_url":"https://api.github.com/users/tesla-ambassador/events{/privacy}","received_events_url":"https://api.github.com/users/tesla-ambassador/received_events","type":"User","site_admin":false,"name":"Tesla_Ambassador","company":null,"blog":"","location":"Mars","email":null,"hireable":null,"bio":"Fullstack web developer\r\n","twitter_username":"Mbawalla_","public_repos":25,"public_gists":0,"followers":12,"following":11,"created_at":"2021-01-07T05:52:03Z","updated_at":"2022-07-25T13:40:08Z","private_gists":0,"total_private_repos":2,"owned_private_repos":2,"disk_usage":389571,"collaborators":3,"two_factor_authentication":false,"plan":{"name":"free","space":976562499,"collaborators":0,"private_repos":10000}}
[info] 
[info] ✔  Success! Logged into GitHub as tesla-ambassador 
[info] 
